# JRE version: Java(TM) SE Runtime Environment (9.0+11) (build 9.0.1+11)
# Java VM: Java HotSpot(TM) 64-Bit Server VM (9.0.1+11, mixed mode, tiered, compressed oops, g1 gc, windows-amd64)
Heap:
 garbage-first heap   total 315392K, used 36276K [0x00000006c1a00000, 0x00000006c1b009a0, 0x00000007c0000000)
  region size 1024K, 19 young (19456K), 3 survivors (3072K)
 Metaspace       used 36051K, capacity 37592K, committed 37936K, reserved 1083392K
  class space    used 4452K, capacity 4788K, committed 4912K, reserved 1048576K
GC Heap History (10 events):
Event: 0.713 GC heap before
{Heap before GC invocations=0 (full 0):
 garbage-first heap   total 262144K, used 24576K [0x00000006c1a00000, 0x00000006c1b00800, 0x00000007c0000000)
  region size 1024K, 24 young (24576K), 0 survivors (0K)
 Metaspace       used 14449K, capacity 15234K, committed 15360K, reserved 1062912K
  class space    used 1594K, capacity 1749K, committed 1792K, reserved 1048576K
}
Event: 0.718 GC heap after
{Heap after GC invocations=1 (full 0):
 garbage-first heap   total 262144K, used 6227K [0x00000006c1a00000, 0x00000006c1b00800, 0x00000007c0000000)
  region size 1024K, 3 young (3072K), 3 survivors (3072K)
 Metaspace       used 14449K, capacity 15234K, committed 15360K, reserved 1062912K
  class space    used 1594K, capacity 1749K, committed 1792K, reserved 1048576K
}
Event: 0.948 GC heap before
{Heap before GC invocations=1 (full 0):
 garbage-first heap   total 262144K, used 40019K [0x00000006c1a00000, 0x00000006c1b00800, 0x00000007c0000000)
  region size 1024K, 37 young (37888K), 3 survivors (3072K)
 Metaspace       used 20119K, capacity 21210K, committed 21552K, reserved 1069056K
  class space    used 2347K, capacity 2571K, committed 2608K, reserved 1048576K
}
Event: 0.956 GC heap after
{Heap after GC invocations=2 (full 0):
 garbage-first heap   total 262144K, used 11661K [0x00000006c1a00000, 0x00000006c1b00800, 0x00000007c0000000)
  region size 1024K, 9 young (9216K), 9 survivors (9216K)
 Metaspace       used 20119K, capacity 21210K, committed 21552K, reserved 1069056K
  class space    used 2347K, capacity 2571K, committed 2608K, reserved 1048576K
}
Event: 1.270 GC heap before
{Heap before GC invocations=3 (full 0):
 garbage-first heap   total 262144K, used 51514K [0x00000006c1a00000, 0x00000006c1b00800, 0x00000007c0000000)
  region size 1024K, 49 young (50176K), 9 survivors (9216K)
 Metaspace       used 23789K, capacity 24976K, committed 25136K, reserved 1071104K
  class space    used 2801K, capacity 3042K, committed 3120K, reserved 1048576K
}
Event: 1.277 GC heap after
{Heap after GC invocations=4 (full 0):
 garbage-first heap   total 262144K, used 11283K [0x00000006c1a00000, 0x00000006c1b00800, 0x00000007c0000000)
  region size 1024K, 5 young (5120K), 5 survivors (5120K)
 Metaspace       used 23789K, capacity 24976K, committed 25136K, reserved 1071104K
  class space    used 2801K, capacity 3042K, committed 3120K, reserved 1048576K
}
Event: 2.387 GC heap before
{Heap before GC invocations=4 (full 0):
 garbage-first heap   total 262144K, used 162835K [0x00000006c1a00000, 0x00000006c1b00800, 0x00000007c0000000)
  region size 1024K, 153 young (156672K), 5 survivors (5120K)
 Metaspace       used 33186K, capacity 34638K, committed 34992K, reserved 1079296K
  class space    used 4100K, capacity 4413K, committed 4528K, reserved 1048576K
}
Event: 2.402 GC heap after
{Heap after GC invocations=5 (full 0):
 garbage-first heap   total 262144K, used 27045K [0x00000006c1a00000, 0x00000006c1b00800, 0x00000007c0000000)
  region size 1024K, 20 young (20480K), 20 survivors (20480K)
 Metaspace       used 33186K, capacity 34638K, committed 34992K, reserved 1079296K
  class space    used 4100K, capacity 4413K, committed 4528K, reserved 1048576K
}
Event: 6.572 GC heap before
{Heap before GC invocations=5 (full 0):
 garbage-first heap   total 262144K, used 50597K [0x00000006c1a00000, 0x00000006c1b00800, 0x00000007c0000000)
  region size 1024K, 44 young (45056K), 20 survivors (20480K)
 Metaspace       used 34289K, capacity 35762K, committed 35888K, reserved 1081344K
  class space    used 4232K, capacity 4551K, committed 4656K, reserved 1048576K
}
Event: 6.581 GC heap after
{Heap after GC invocations=6 (full 0):
 garbage-first heap   total 315392K, used 20916K [0x00000006c1a00000, 0x00000006c1b009a0, 0x00000007c0000000)
  region size 1024K, 3 young (3072K), 3 survivors (3072K)
 Metaspace       used 34289K, capacity 35762K, committed 35888K, reserved 1081344K
  class space    used 4232K, capacity 4551K, committed 4656K, reserved 1048576K
}

